<?xml version="1.0" encoding="UTF-8"?>
<testsuite xmlns:xsi="http://www.w3.org/2001/XMLSchema-instance" xsi:noNamespaceSchemaLocation="https://maven.apache.org/surefire/maven-surefire-plugin/xsd/surefire-test-report-3.0.xsd" version="3.0" name="CalculatorServiceTest" time="0.436" tests="5" errors="0" skipped="0" failures="0">
  <properties>
[...]
</properties>
  <testcase name="testMultiplication" classname="CalculatorServiceTest" time="0.036"/>
  <testcase name="testAddition" classname="CalculatorServiceTest" time="0.0"/>
  <testcase name="testComplexExpression" classname="CalculatorServiceTest" time="0.0"/>
  <testcase name="testDivision" classname="CalculatorServiceTest" time="0.0"/>
  <testcase name="testSubtraction" classname="CalculatorServiceTest" time="0.0"/>
</testsuite>